<?xml version="1.0" encoding="UTF-8"?>
<testng-results skipped="0" failed="0" total="1" passed="1">
  <reporter-output>
  </reporter-output>
  <suite name="Default suite" duration-ms="27280" started-at="2019-12-05T07:27:49Z" finished-at="2019-12-05T07:28:16Z">
    <groups>
    </groups>
    <test name="Default test" duration-ms="27280" started-at="2019-12-05T07:27:49Z" finished-at="2019-12-05T07:28:16Z">
      <class name="testpack.NewTest">
        <test-method status="PASS" signature="beforeMethod()[pri:0, instance:testpack.NewTest@20e2cbe0]" name="beforeMethod" is-config="true" duration-ms="17546" started-at="2019-12-05T12:57:49Z" finished-at="2019-12-05T12:58:06Z">
          <reporter-output>
          </reporter-output>
        </test-method> <!-- beforeMethod -->
        <test-method status="PASS" signature="f()[pri:0, instance:testpack.NewTest@20e2cbe0]" name="f" duration-ms="9702" started-at="2019-12-05T12:58:06Z" finished-at="2019-12-05T12:58:16Z">
          <reporter-output>
          </reporter-output>
        </test-method> <!-- f -->
      </class> <!-- testpack.NewTest -->
    </test> <!-- Default test -->
  </suite> <!-- Default suite -->
</testng-results>
